GL_LOG_FILE log. local time Thu Feb  7 18:31:11 2019

Starting GLFW
3.2.1 Cocoa NSGL chdir menubar retina
You are on MacOSX!
GL Context Params:
GL_MAX_COMBINED_TEXTURE_IMAGE_UNITS 80
GL_MAX_CUBE_MAP_TEXTURE_SIZE 16384
GL_MAX_DRAW_BUFFERS 8
GL_MAX_FRAGMENT_UNIFORM_COMPONENTS 2048
GL_MAX_TEXTURE_IMAGE_UNITS 16
GL_MAX_TEXTURE_SIZE 16384
GL_MAX_VARYING_FLOATS 0
GL_MAX_VERTEX_ATTRIBS 16
GL_MAX_VERTEX_TEXTURE_IMAGE_UNITS 16
GL_MAX_VERTEX_UNIFORM_COMPONENTS 4096
GL_MAX_VIEWPORT_DIMS 16384 16384
GL_STEREO 0
-----------------------------
Renderer: NVIDIA GeForce GTX 660M OpenGL Engine
OpenGL version supported 4.1 NVIDIA-10.17.5 355.10.05.45f01
